Using pre-set license
Built from '2020.3/staging' branch; Version is '2020.3.19f1 (68f137dc9bbe) revision 6877495'; Using compiler version '192528614'; Build Type 'Release'
OS: 'Windows 10 Pro; OS build 19041.1237; Version 2004; 64bit' Language: 'es' Physical Memory: 16347 MB
BatchMode: 1, IsHumanControllingUs: 0, StartBugReporterOnCrash: 0, Is64bit: 1, IsPro: 0

COMMAND LINE ARGUMENTS:
C:\Program Files\Unity\Hub\Editor\2020.3.19f1\Editor\Unity.exe
-adb2
-batchMode
-noUpm
-name
AssetImportWorker0
-projectPath
C:/Users/PC/Desktop/Oscar-Gonzalez-Tema-1-main/Entregable 1
-logFile
Logs/AssetImportWorker0.log
-srvPort
54527
Successfully changed project path to: C:/Users/PC/Desktop/Oscar-Gonzalez-Tema-1-main/Entregable 1
C:/Users/PC/Desktop/Oscar-Gonzalez-Tema-1-main/Entregable 1
Using Asset Import Pipeline V2.
Refreshing native plugins compatible for Editor in 45.33 ms, found 2 plugins.
Preloading 0 native plugins for Editor in 0.00 ms.
Initialize engine version: 2020.3.19f1 (68f137dc9bbe)
[Subsystems] Discovering subsystems at path C:/Program Files/Unity/Hub/Editor/2020.3.19f1/Editor/Data/Resources/UnitySubsystems
[Subsystems] Discovering subsystems at path C:/Users/PC/Desktop/Oscar-Gonzalez-Tema-1-main/Entregable 1/Assets
GfxDevice: creating device client; threaded=0
Direct3D:
    Version:  Direct3D 11.0 [level 11.1]
    Renderer: NVIDIA GeForce GTX 1050 Ti (ID=0x1c82)
    Vendor:   
    VRAM:     4018 MB
    Driver:   30.0.14.7168
Initialize mono
Mono path[0] = 'C:/Program Files/Unity/Hub/Editor/2020.3.19f1/Editor/Data/Managed'
Mono path[1] = 'C:/Program Files/Unity/Hub/Editor/2020.3.19f1/Editor/Data/MonoBleedingEdge/lib/mono/unityjit'
Mono config path = 'C:/Program Files/Unity/Hub/Editor/2020.3.19f1/Editor/Data/MonoBleedingEdge/etc'
Using monoOptions --debugger-agent=transport=dt_socket,embedding=1,server=y,suspend=n,address=127.0.0.1:56292
Begin MonoManager ReloadAssembly
Registering precompiled unity dll's ...
Register platform support module: C:/Program Files/Unity/Hub/Editor/2020.3.19f1/Editor/Data/PlaybackEngines/WindowsStandaloneSupport/UnityEditor.WindowsStandalone.Extensions.dll
Registered in 0.002836 seconds.
Native extension for WindowsStandalone target not found
Refreshing native plugins compatible for Editor in 48.54 ms, found 2 plugins.
Preloading 0 native plugins for Editor in 0.00 ms.
Mono: successfully reloaded assembly
- Completed reload, in  1.515 seconds
Domain Reload Profiling:
	ReloadAssembly (1516ms)
		BeginReloadAssembly (68ms)
			ExecutionOrderSort (0ms)
			DisableScriptedObjects (0ms)
			BackupInstance (0ms)
			ReleaseScriptingObjects (0ms)
			CreateAndSetChildDomain (1ms)
		EndReloadAssembly (667ms)
			LoadAssemblies (64ms)
			RebuildTransferFunctionScriptingTraits (0ms)
			SetupTypeCache (230ms)
			ReleaseScriptCaches (0ms)
			RebuildScriptCaches (51ms)
			SetupLoadedEditorAssemblies (271ms)
				LogAssemblyErrors (0ms)
				InitializePlatformSupportModulesInManaged (8ms)
				SetLoadedEditorAssemblies (0ms)
				RefreshPlugins (49ms)
				BeforeProcessingInitializeOnLoad (19ms)
				ProcessInitializeOnLoadAttributes (128ms)
				ProcessInitializeOnLoadMethodAttributes (66ms)
				AfterProcessingInitializeOnLoad (0ms)
				EditorAssembliesLoaded (0ms)
			ExecutionOrderSort2 (0ms)
			AwakeInstancesAfterBackupRestoration (0ms)
Platform modules already initialized, skipping
Registering precompiled user dll's ...
Registered in 0.007569 seconds.
Begin MonoManager ReloadAssembly
Native extension for WindowsStandalone target not found
Refreshing native plugins compatible for Editor in 0.34 ms, found 2 plugins.
Preloading 0 native plugins for Editor in 0.00 ms.
Mono: successfully reloaded assembly
- Completed reload, in  1.344 seconds
Domain Reload Profiling:
	ReloadAssembly (1345ms)
		BeginReloadAssembly (183ms)
			ExecutionOrderSort (0ms)
			DisableScriptedObjects (6ms)
			BackupInstance (0ms)
			ReleaseScriptingObjects (0ms)
			CreateAndSetChildDomain (24ms)
		EndReloadAssembly (1080ms)
			LoadAssemblies (106ms)
			RebuildTransferFunctionScriptingTraits (0ms)
			SetupTypeCache (392ms)
			ReleaseScriptCaches (0ms)
			RebuildScriptCaches (48ms)
			SetupLoadedEditorAssemblies (404ms)
				LogAssemblyErrors (0ms)
				InitializePlatformSupportModulesInManaged (7ms)
				SetLoadedEditorAssemblies (1ms)
				RefreshPlugins (0ms)
				BeforeProcessingInitializeOnLoad (100ms)
				ProcessInitializeOnLoadAttributes (278ms)
				ProcessInitializeOnLoadMethodAttributes (7ms)
				AfterProcessingInitializeOnLoad (10ms)
				EditorAssembliesLoaded (0ms)
			ExecutionOrderSort2 (0ms)
			AwakeInstancesAfterBackupRestoration (9ms)
Platform modules already initialized, skipping
========================================================================
Worker process is ready to serve import requests
Launched and connected shader compiler UnityShaderCompiler.exe after 0.10 seconds
Refreshing native plugins compatible for Editor in 0.31 ms, found 2 plugins.
Preloading 0 native plugins for Editor in 0.00 ms.
Unloading 1397 Unused Serialized files (Serialized files now loaded: 0)
System memory in use before: 77.1 MB.
System memory in use after: 77.2 MB.

Unloading 16 unused Assets to reduce memory usage. Loaded Objects now: 1846.
Total: 4.011700 ms (FindLiveObjects: 0.185800 ms CreateObjectMapping: 0.075800 ms MarkObjects: 3.673700 ms  DeleteObjects: 0.074900 ms)

AssetImportParameters requested are different than current active one (requested -> active):
  custom:framework-win-MediaFoundation: 216162199b28c13a410421893ffa2e32 -> 
  custom:video-decoder-ogg-theora: a1e56fd34408186e4bbccfd4996cb3dc -> 
  custom:container-muxer-webm: aa71ff27fc2769a1b78a27578f13a17b -> 
  custom:container-demuxer-webm: 4f35f7cbe854078d1ac9338744f61a02 -> 
  custom:container-demuxer-ogg: 62fdf1f143b41e24485cea50d1cbac27 -> 
  custom:video-encoder-webm-vp8: eb34c28f22e8b96e1ab97ce403110664 -> 
  custom:video-codec-MediaFoundation-h265: 746d11721c4dcdbdad8f713fa42b33f4 -> 
  custom:video-decoder-webm-vp8: 9c59270c3fd7afecdb556c50c9e8de78 -> 
  custom:audio-decoder-ogg-vorbis: bf7c407c2cedff20999df2af8eb42d56 -> 
  custom:audio-encoder-webm-vorbis: bf7c407c2cedff20999df2af8eb42d56 -> 
========================================================================
Received Import Request.
  path: Assets/Entregable 1/Prefabs/Player Variant.prefab
  artifactKey: Guid(5a8f8df8ee6cba047bd67332a44716f9) Importer(815301076,1909f56bfc062723c751e8b465ee728b)
Start importing Assets/Entregable 1/Prefabs/Player Variant.prefab using Guid(5a8f8df8ee6cba047bd67332a44716f9) Importer(815301076,1909f56bfc062723c751e8b465ee728b)  -> (artifact id: 'b52c54548ec21aac6538b0432f7f0141') in 0.226330 seconds 
  Import took 0.230463 seconds .

========================================================================
Received Import Request.
  Time since last request: 0.463298 seconds.
  path: Assets/Entregable 1/Prefabs/Player Variant.prefab
  artifactKey: Guid(5a8f8df8ee6cba047bd67332a44716f9) Importer(815301076,1909f56bfc062723c751e8b465ee728b)
Start importing Assets/Entregable 1/Prefabs/Player Variant.prefab using Guid(5a8f8df8ee6cba047bd67332a44716f9) Importer(815301076,1909f56bfc062723c751e8b465ee728b)  -> (artifact id: '6221db54135b244c1aea0792c4aa7140') in 0.037755 seconds 
  Import took 0.044411 seconds .

========================================================================
Received Import Request.
  Time since last request: 3.237893 seconds.
  path: Assets/Entregable 1/Prefabs/Player Variant.prefab
  artifactKey: Guid(5a8f8df8ee6cba047bd67332a44716f9) Importer(815301076,1909f56bfc062723c751e8b465ee728b)
Start importing Assets/Entregable 1/Prefabs/Player Variant.prefab using Guid(5a8f8df8ee6cba047bd67332a44716f9) Importer(815301076,1909f56bfc062723c751e8b465ee728b)  -> (artifact id: '11fc2fa6b80c42ca51307c27f0110115') in 0.079855 seconds 
  Import took 0.110364 seconds .

========================================================================
Received Import Request.
  Time since last request: 4.894135 seconds.
  path: Assets/Entregable 1/Prefabs/Player Variant.prefab
  artifactKey: Guid(5a8f8df8ee6cba047bd67332a44716f9) Importer(815301076,1909f56bfc062723c751e8b465ee728b)
Start importing Assets/Entregable 1/Prefabs/Player Variant.prefab using Guid(5a8f8df8ee6cba047bd67332a44716f9) Importer(815301076,1909f56bfc062723c751e8b465ee728b)  -> (artifact id: 'c904d0620e24c61613fb2bf413c7d67c') in 0.022752 seconds 
  Import took 0.026252 seconds .

========================================================================
Received Import Request.
  Time since last request: 1.378835 seconds.
  path: Assets/Entregable 1/Prefabs/Player Variant.prefab
  artifactKey: Guid(5a8f8df8ee6cba047bd67332a44716f9) Importer(815301076,1909f56bfc062723c751e8b465ee728b)
Start importing Assets/Entregable 1/Prefabs/Player Variant.prefab using Guid(5a8f8df8ee6cba047bd67332a44716f9) Importer(815301076,1909f56bfc062723c751e8b465ee728b)  -> (artifact id: '293823111a1364aa5d77d9948fede475') in 0.028869 seconds 
  Import took 0.034265 seconds .

========================================================================
Received Import Request.
  Time since last request: 1.792749 seconds.
  path: Assets/Entregable 1/Prefabs/Player Variant.prefab
  artifactKey: Guid(5a8f8df8ee6cba047bd67332a44716f9) Importer(815301076,1909f56bfc062723c751e8b465ee728b)
Start importing Assets/Entregable 1/Prefabs/Player Variant.prefab using Guid(5a8f8df8ee6cba047bd67332a44716f9) Importer(815301076,1909f56bfc062723c751e8b465ee728b)  -> (artifact id: '7e369f5d88e25f70d4164b69cb7bd297') in 0.024883 seconds 
  Import took 0.031315 seconds .

========================================================================
Received Import Request.
  Time since last request: 6.239549 seconds.
  path: Assets/Entregable 1/Prefabs/Player Variant.prefab
  artifactKey: Guid(5a8f8df8ee6cba047bd67332a44716f9) Importer(815301076,1909f56bfc062723c751e8b465ee728b)
Start importing Assets/Entregable 1/Prefabs/Player Variant.prefab using Guid(5a8f8df8ee6cba047bd67332a44716f9) Importer(815301076,1909f56bfc062723c751e8b465ee728b)  -> (artifact id: '7189f1598aa2f89533059385f58ed673') in 0.032008 seconds 
  Import took 0.035837 seconds .

========================================================================
Received Import Request.
  Time since last request: 8.219667 seconds.
  path: Assets/Entregable 1/Prefabs/Player Variant.prefab
  artifactKey: Guid(5a8f8df8ee6cba047bd67332a44716f9) Importer(815301076,1909f56bfc062723c751e8b465ee728b)
Start importing Assets/Entregable 1/Prefabs/Player Variant.prefab using Guid(5a8f8df8ee6cba047bd67332a44716f9) Importer(815301076,1909f56bfc062723c751e8b465ee728b)  -> (artifact id: '1a10fe6a57bc95ec9dae671782e7327f') in 0.019634 seconds 
  Import took 0.023865 seconds .

========================================================================
Received Import Request.
  Time since last request: 2.206630 seconds.
  path: Assets/Entregable 1/Prefabs/Player Variant.prefab
  artifactKey: Guid(5a8f8df8ee6cba047bd67332a44716f9) Importer(815301076,1909f56bfc062723c751e8b465ee728b)
Start importing Assets/Entregable 1/Prefabs/Player Variant.prefab using Guid(5a8f8df8ee6cba047bd67332a44716f9) Importer(815301076,1909f56bfc062723c751e8b465ee728b)  -> (artifact id: '92035cc27946859aa7b92c5558863e8a') in 0.020073 seconds 
  Import took 0.023528 seconds .

========================================================================
Received Import Request.
  Time since last request: 3.204110 seconds.
  path: Assets/Entregable 1/Prefabs/Player Variant.prefab
  artifactKey: Guid(5a8f8df8ee6cba047bd67332a44716f9) Importer(815301076,1909f56bfc062723c751e8b465ee728b)
Start importing Assets/Entregable 1/Prefabs/Player Variant.prefab using Guid(5a8f8df8ee6cba047bd67332a44716f9) Importer(815301076,1909f56bfc062723c751e8b465ee728b)  -> (artifact id: 'a4cc5b0f5772e40f8ca2a08b42b20cf7') in 0.034291 seconds 
  Import took 0.041612 seconds .

========================================================================
Received Import Request.
  Time since last request: 1.974478 seconds.
  path: Assets/Entregable 1/Prefabs/Player Variant.prefab
  artifactKey: Guid(5a8f8df8ee6cba047bd67332a44716f9) Importer(815301076,1909f56bfc062723c751e8b465ee728b)
Start importing Assets/Entregable 1/Prefabs/Player Variant.prefab using Guid(5a8f8df8ee6cba047bd67332a44716f9) Importer(815301076,1909f56bfc062723c751e8b465ee728b)  -> (artifact id: 'ec99fa9028baf01df8809dc5e66fbd6a') in 0.021313 seconds 
  Import took 0.025368 seconds .

========================================================================
Received Import Request.
  Time since last request: 1.587728 seconds.
  path: Assets/Entregable 1/Prefabs/Player Variant.prefab
  artifactKey: Guid(5a8f8df8ee6cba047bd67332a44716f9) Importer(815301076,1909f56bfc062723c751e8b465ee728b)
Start importing Assets/Entregable 1/Prefabs/Player Variant.prefab using Guid(5a8f8df8ee6cba047bd67332a44716f9) Importer(815301076,1909f56bfc062723c751e8b465ee728b)  -> (artifact id: '6a8b2a5ce346c0d2790302dc2230ee73') in 0.019258 seconds 
  Import took 0.022384 seconds .

========================================================================
Received Import Request.
  Time since last request: 5.630446 seconds.
  path: Assets/Entregable 1/Prefabs/Player Variant.prefab
  artifactKey: Guid(5a8f8df8ee6cba047bd67332a44716f9) Importer(815301076,1909f56bfc062723c751e8b465ee728b)
Start importing Assets/Entregable 1/Prefabs/Player Variant.prefab using Guid(5a8f8df8ee6cba047bd67332a44716f9) Importer(815301076,1909f56bfc062723c751e8b465ee728b)  -> (artifact id: '878afc19cae6739c07241f8fa5a7f4fc') in 0.025984 seconds 
  Import took 0.029474 seconds .

========================================================================
Received Import Request.
  Time since last request: 1.782877 seconds.
  path: Assets/Entregable 1/Prefabs/Player Variant.prefab
  artifactKey: Guid(5a8f8df8ee6cba047bd67332a44716f9) Importer(815301076,1909f56bfc062723c751e8b465ee728b)
Start importing Assets/Entregable 1/Prefabs/Player Variant.prefab using Guid(5a8f8df8ee6cba047bd67332a44716f9) Importer(815301076,1909f56bfc062723c751e8b465ee728b)  -> (artifact id: '0c32103c1a008bbd7bbc23a603f3db86') in 0.027329 seconds 
  Import took 0.034500 seconds .

========================================================================
Received Import Request.
  Time since last request: 2.198753 seconds.
  path: Assets/Entregable 1/Prefabs/Player Variant.prefab
  artifactKey: Guid(5a8f8df8ee6cba047bd67332a44716f9) Importer(815301076,1909f56bfc062723c751e8b465ee728b)
Start importing Assets/Entregable 1/Prefabs/Player Variant.prefab using Guid(5a8f8df8ee6cba047bd67332a44716f9) Importer(815301076,1909f56bfc062723c751e8b465ee728b)  -> (artifact id: 'f64da9a70ce7b7a7cd726738b7573ae3') in 0.066295 seconds 
  Import took 0.083279 seconds .

========================================================================
Received Import Request.
  Time since last request: 1.115828 seconds.
  path: Assets/Entregable 1/Prefabs/Player Variant.prefab
  artifactKey: Guid(5a8f8df8ee6cba047bd67332a44716f9) Importer(815301076,1909f56bfc062723c751e8b465ee728b)
Start importing Assets/Entregable 1/Prefabs/Player Variant.prefab using Guid(5a8f8df8ee6cba047bd67332a44716f9) Importer(815301076,1909f56bfc062723c751e8b465ee728b)  -> (artifact id: '5f1aadf39437d0fdf63cf19ac7580ab0') in 0.027455 seconds 
  Import took 0.033079 seconds .

========================================================================
Received Import Request.
  Time since last request: 3.409082 seconds.
  path: Assets/Entregable 1/Prefabs/Player Variant.prefab
  artifactKey: Guid(5a8f8df8ee6cba047bd67332a44716f9) Importer(815301076,1909f56bfc062723c751e8b465ee728b)
Start importing Assets/Entregable 1/Prefabs/Player Variant.prefab using Guid(5a8f8df8ee6cba047bd67332a44716f9) Importer(815301076,1909f56bfc062723c751e8b465ee728b)  -> (artifact id: 'e73cc60432618d006ff239496b92169c') in 0.029574 seconds 
  Import took 0.034582 seconds .

========================================================================
Received Import Request.
  Time since last request: 6.416780 seconds.
  path: Assets/Entregable 1/Prefabs/Player Variant.prefab
  artifactKey: Guid(5a8f8df8ee6cba047bd67332a44716f9) Importer(815301076,1909f56bfc062723c751e8b465ee728b)
Start importing Assets/Entregable 1/Prefabs/Player Variant.prefab using Guid(5a8f8df8ee6cba047bd67332a44716f9) Importer(815301076,1909f56bfc062723c751e8b465ee728b)  -> (artifact id: '0d59933d9bf09ff8361ad5a705ac4195') in 0.028137 seconds 
  Import took 0.032458 seconds .

========================================================================
Received Import Request.
  Time since last request: 5.428983 seconds.
  path: Assets/Entregable 1/Prefabs/Player Variant.prefab
  artifactKey: Guid(5a8f8df8ee6cba047bd67332a44716f9) Importer(815301076,1909f56bfc062723c751e8b465ee728b)
Start importing Assets/Entregable 1/Prefabs/Player Variant.prefab using Guid(5a8f8df8ee6cba047bd67332a44716f9) Importer(815301076,1909f56bfc062723c751e8b465ee728b)  -> (artifact id: '993db67b17c12de0eb59e42eb0b5d581') in 0.021292 seconds 
  Import took 0.025898 seconds .

========================================================================
Received Import Request.
  Time since last request: 1.994585 seconds.
  path: Assets/Entregable 1/Prefabs/Player Variant.prefab
  artifactKey: Guid(5a8f8df8ee6cba047bd67332a44716f9) Importer(815301076,1909f56bfc062723c751e8b465ee728b)
Start importing Assets/Entregable 1/Prefabs/Player Variant.prefab using Guid(5a8f8df8ee6cba047bd67332a44716f9) Importer(815301076,1909f56bfc062723c751e8b465ee728b)  -> (artifact id: '8a2d429189b9601339fc374bee8729d0') in 0.025082 seconds 
  Import took 0.028634 seconds .

========================================================================
Received Import Request.
  Time since last request: 4.228316 seconds.
  path: Assets/Entregable 1/Prefabs/Player Variant.prefab
  artifactKey: Guid(5a8f8df8ee6cba047bd67332a44716f9) Importer(815301076,1909f56bfc062723c751e8b465ee728b)
Start importing Assets/Entregable 1/Prefabs/Player Variant.prefab using Guid(5a8f8df8ee6cba047bd67332a44716f9) Importer(815301076,1909f56bfc062723c751e8b465ee728b)  -> (artifact id: 'c60920de275c318a8ed42153c1780470') in 0.021733 seconds 
  Import took 0.025425 seconds .

========================================================================
Received Import Request.
  Time since last request: 1.988756 seconds.
  path: Assets/Entregable 1/Prefabs/Player Variant.prefab
  artifactKey: Guid(5a8f8df8ee6cba047bd67332a44716f9) Importer(815301076,1909f56bfc062723c751e8b465ee728b)
Start importing Assets/Entregable 1/Prefabs/Player Variant.prefab using Guid(5a8f8df8ee6cba047bd67332a44716f9) Importer(815301076,1909f56bfc062723c751e8b465ee728b)  -> (artifact id: '6371ff9ab7474f223934aef78a5ed13c') in 0.020553 seconds 
  Import took 0.026266 seconds .

========================================================================
Received Import Request.
  Time since last request: 4.422325 seconds.
  path: Assets/Entregable 1/Prefabs/Player Variant.prefab
  artifactKey: Guid(5a8f8df8ee6cba047bd67332a44716f9) Importer(815301076,1909f56bfc062723c751e8b465ee728b)
Start importing Assets/Entregable 1/Prefabs/Player Variant.prefab using Guid(5a8f8df8ee6cba047bd67332a44716f9) Importer(815301076,1909f56bfc062723c751e8b465ee728b)  -> (artifact id: '34fa2a2ecd57d00084f43b481ae6ad0a') in 0.025492 seconds 
  Import took 0.030012 seconds .

========================================================================
Received Import Request.
  Time since last request: 8.865783 seconds.
  path: Assets/Entregable 1/Prefabs/Player Variant.prefab
  artifactKey: Guid(5a8f8df8ee6cba047bd67332a44716f9) Importer(815301076,1909f56bfc062723c751e8b465ee728b)
Start importing Assets/Entregable 1/Prefabs/Player Variant.prefab using Guid(5a8f8df8ee6cba047bd67332a44716f9) Importer(815301076,1909f56bfc062723c751e8b465ee728b)  -> (artifact id: '51b350e6cc98ed245d984c1e367bb1e6') in 0.021646 seconds 
  Import took 0.025639 seconds .

========================================================================
Received Import Request.
  Time since last request: 4.002130 seconds.
  path: Assets/Entregable 1/Prefabs/Player Variant.prefab
  artifactKey: Guid(5a8f8df8ee6cba047bd67332a44716f9) Importer(815301076,1909f56bfc062723c751e8b465ee728b)
Start importing Assets/Entregable 1/Prefabs/Player Variant.prefab using Guid(5a8f8df8ee6cba047bd67332a44716f9) Importer(815301076,1909f56bfc062723c751e8b465ee728b)  -> (artifact id: 'e84f55bf43f3c5033de5ee35c45b41a5') in 0.025414 seconds 
  Import took 0.029277 seconds .

========================================================================
Received Import Request.
  Time since last request: 1.374320 seconds.
  path: Assets/Entregable 1/Prefabs/Player Variant.prefab
  artifactKey: Guid(5a8f8df8ee6cba047bd67332a44716f9) Importer(815301076,1909f56bfc062723c751e8b465ee728b)
Start importing Assets/Entregable 1/Prefabs/Player Variant.prefab using Guid(5a8f8df8ee6cba047bd67332a44716f9) Importer(815301076,1909f56bfc062723c751e8b465ee728b)  -> (artifact id: 'ea31a72280026ebad4fe8e3fa679e0d2') in 0.024134 seconds 
  Import took 0.028268 seconds .

========================================================================
Received Import Request.
  Time since last request: 3.212125 seconds.
  path: Assets/Entregable 1/Prefabs/Player Variant.prefab
  artifactKey: Guid(5a8f8df8ee6cba047bd67332a44716f9) Importer(815301076,1909f56bfc062723c751e8b465ee728b)
Start importing Assets/Entregable 1/Prefabs/Player Variant.prefab using Guid(5a8f8df8ee6cba047bd67332a44716f9) Importer(815301076,1909f56bfc062723c751e8b465ee728b)  -> (artifact id: 'fd78081658b8dfcf70198f8b0cc8810b') in 0.022884 seconds 
  Import took 0.028193 seconds .

========================================================================
Received Import Request.
  Time since last request: 1.994746 seconds.
  path: Assets/Entregable 1/Prefabs/Player Variant.prefab
  artifactKey: Guid(5a8f8df8ee6cba047bd67332a44716f9) Importer(815301076,1909f56bfc062723c751e8b465ee728b)
Start importing Assets/Entregable 1/Prefabs/Player Variant.prefab using Guid(5a8f8df8ee6cba047bd67332a44716f9) Importer(815301076,1909f56bfc062723c751e8b465ee728b)  -> (artifact id: 'c77c7cd95c5947c81903ec7cd19e1c0e') in 0.023643 seconds 
  Import took 0.028848 seconds .

========================================================================
Received Import Request.
  Time since last request: 0.784552 seconds.
  path: Assets/Entregable 1/Prefabs/Player Variant.prefab
  artifactKey: Guid(5a8f8df8ee6cba047bd67332a44716f9) Importer(815301076,1909f56bfc062723c751e8b465ee728b)
Start importing Assets/Entregable 1/Prefabs/Player Variant.prefab using Guid(5a8f8df8ee6cba047bd67332a44716f9) Importer(815301076,1909f56bfc062723c751e8b465ee728b)  -> (artifact id: '5f48065bb00b606db48cecef4ead20c4') in 0.023073 seconds 
  Import took 0.027018 seconds .

========================================================================
Received Import Request.
  Time since last request: 6.014762 seconds.
  path: Assets/Entregable 1/Prefabs/Player Variant.prefab
  artifactKey: Guid(5a8f8df8ee6cba047bd67332a44716f9) Importer(815301076,1909f56bfc062723c751e8b465ee728b)
Start importing Assets/Entregable 1/Prefabs/Player Variant.prefab using Guid(5a8f8df8ee6cba047bd67332a44716f9) Importer(815301076,1909f56bfc062723c751e8b465ee728b)  -> (artifact id: '9ab4399c3f80a7c1d320f0b50e73431c') in 0.025387 seconds 
  Import took 0.030983 seconds .

========================================================================
Received Import Request.
  Time since last request: 11.886783 seconds.
  path: Assets/Entregable 1/Materiales/Blue_mat.mat
  artifactKey: Guid(f83998070332d38449c24de3aaef5c61) Importer(815301076,1909f56bfc062723c751e8b465ee728b)
Start importing Assets/Entregable 1/Materiales/Blue_mat.mat using Guid(f83998070332d38449c24de3aaef5c61) Importer(815301076,1909f56bfc062723c751e8b465ee728b)  -> (artifact id: 'ced4764aa2974080f4d26707ecaf068f') in 0.107972 seconds 
  Import took 0.111056 seconds .

========================================================================
Received Import Request.
  Time since last request: 0.000294 seconds.
  path: Assets/Entregable 1/Materiales/New Material.mat
  artifactKey: Guid(ffe63f21dc9c0a04c88cbd719bbab439) Importer(815301076,1909f56bfc062723c751e8b465ee728b)
Start importing Assets/Entregable 1/Materiales/New Material.mat using Guid(ffe63f21dc9c0a04c88cbd719bbab439) Importer(815301076,1909f56bfc062723c751e8b465ee728b)  -> (artifact id: 'e8070ee5e4b5d60fb4cdf2675159157f') in 0.031118 seconds 
  Import took 0.034929 seconds .

========================================================================
Received Import Request.
  Time since last request: 12.267108 seconds.
  path: Assets/Entregable 1/Materiales/Brown_mat.mat
  artifactKey: Guid(2696919369621264e9eed39335902b32) Importer(815301076,1909f56bfc062723c751e8b465ee728b)
Start importing Assets/Entregable 1/Materiales/Brown_mat.mat using Guid(2696919369621264e9eed39335902b32) Importer(815301076,1909f56bfc062723c751e8b465ee728b)  -> (artifact id: 'f0561b479c025a962bbb1390f246e5d8') in 0.019676 seconds 
  Import took 0.023629 seconds .

========================================================================
Received Import Request.
  Time since last request: 103.469464 seconds.
  path: Assets/Entregable 1/Materiales/Light_brown_mat.mat
  artifactKey: Guid(c9358eb2cd80ec14186db8cfa9fd729d) Importer(815301076,1909f56bfc062723c751e8b465ee728b)
Start importing Assets/Entregable 1/Materiales/Light_brown_mat.mat using Guid(c9358eb2cd80ec14186db8cfa9fd729d) Importer(815301076,1909f56bfc062723c751e8b465ee728b)  -> (artifact id: 'edbfdb1501d232c72b40556389b685e3') in 0.021746 seconds 
  Import took 0.028133 seconds .

========================================================================
Received Import Request.
  Time since last request: 37.631555 seconds.
  path: Assets/Entregable 1/Prefabs/Player Variant.prefab
  artifactKey: Guid(5a8f8df8ee6cba047bd67332a44716f9) Importer(815301076,1909f56bfc062723c751e8b465ee728b)
Start importing Assets/Entregable 1/Prefabs/Player Variant.prefab using Guid(5a8f8df8ee6cba047bd67332a44716f9) Importer(815301076,1909f56bfc062723c751e8b465ee728b)  -> (artifact id: '7bd11ad6c7ad290591e5f10025affb05') in 0.014568 seconds 
  Import took 0.018995 seconds .

========================================================================
Received Import Request.
  Time since last request: 122.764157 seconds.
  path: Assets/Entregable 1/Prefabs/Enemy.prefab
  artifactKey: Guid(5a8f8df8ee6cba047bd67332a44716f9) Importer(815301076,1909f56bfc062723c751e8b465ee728b)
Start importing Assets/Entregable 1/Prefabs/Enemy.prefab using Guid(5a8f8df8ee6cba047bd67332a44716f9) Importer(815301076,1909f56bfc062723c751e8b465ee728b)  -> (artifact id: 'aaf8eb1f697ea36f77e97d9c2ad7f1bc') in 0.031143 seconds 
  Import took 0.035963 seconds .

